2025-10-16 09:06:55 [INFO]: 데이터베이스 연결됨: /home/user/webapp/backend/data/government_news.db
2025-10-16 09:06:55 [INFO]: 뉴스 테이블 생성/확인 완료
2025-10-16 09:06:55 [INFO]: 통계 테이블 생성/확인 완료
2025-10-16 09:06:55 [INFO]: 데이터베이스 초기화 완료
2025-10-16 09:06:55 [INFO]: ⏰ 자동 스크래핑 스케줄러 설정 중...
2025-10-16 09:06:55 [INFO]: ✅ 스케줄러 설정 완료:
2025-10-16 09:06:55 [INFO]:   - 오전 9시: 0 9 * * 1-5 (한국시간)
2025-10-16 09:06:55 [INFO]:   - 오후 1시: 0 13 * * 1-5 (한국시간)
2025-10-16 09:06:55 [INFO]:   - 오후 5시: 0 17 * * 1-5 (한국시간)
2025-10-16 09:06:55 [INFO]:   - 주말: 0 14 * * 6 (한국시간)
2025-10-16 09:06:55 [INFO]: ⏰ 자동 스크래핑 스케줄러 시작 완료
2025-10-16 09:06:55 [INFO]: 🚀 서버가 포트 3000에서 실행 중입니다
2025-10-16 09:06:55 [INFO]: 📊 헬스 체크: http://localhost:3000/health
2025-10-16 09:06:55 [INFO]: 🌐 프론트엔드: http://localhost:3000/
2025-10-16 09:07:00 [INFO]: 🔄 서버 시작 후 초기 스크래핑 실행
2025-10-16 09:07:00 [INFO]: 🚀 정기 스크래핑 시작 (서버 시작)
2025-10-16 09:07:00 [INFO]: 🔄 전체 기관 스크래핑 시작
2025-10-16 09:07:00 [INFO]: 금융위원회 보도자료 스크래핑 시작
2025-10-16 09:07:00 [INFO]: 금융위원회: 2개 새 보도자료 저장
2025-10-16 09:07:02 [INFO]: 금융감독원 보도자료 스크래핑 시작
2025-10-16 09:07:02 [INFO]: 금융감독원: 4개 새 보도자료 저장
2025-10-16 09:07:04 [INFO]: 공정거래위원회 보도자료 스크래핑 시작
2025-10-16 09:07:04 [INFO]: 공정거래위원회: 3개 새 보도자료 저장
2025-10-16 09:07:06 [INFO]: ✅ 스크래핑 완료: 신규 9개, 처리 12개
2025-10-16 09:07:06 [INFO]: ✅ 스크래핑 완료 (6초 소요)
2025-10-16 09:07:06 [INFO]: 📊 결과: 신규 9개, 총 처리 12개
2025-10-16 09:07:06 [INFO]: 📈 현재 DB 상태: 총 9개 보도자료 저장됨
2025-10-16 09:10:39 [INFO]: 데이터베이스 연결됨: /home/user/webapp/backend/data/government_news.db
2025-10-16 09:10:39 [INFO]: 뉴스 테이블 생성/확인 완료
2025-10-16 09:10:39 [INFO]: 통계 테이블 생성/확인 완료
2025-10-16 09:10:54 [INFO]: 데이터베이스 연결됨: /home/user/webapp/backend/data/government_news.db
2025-10-16 09:10:54 [INFO]: 뉴스 테이블 생성/확인 완료
2025-10-16 09:10:54 [INFO]: 통계 테이블 생성/확인 완료
2025-10-16 09:10:54 [INFO]: 데이터베이스 초기화 완료
2025-10-16 09:10:54 [INFO]: ⏰ 자동 스크래핑 스케줄러 설정 중...
2025-10-16 09:10:54 [INFO]: ✅ 스케줄러 설정 완료:
2025-10-16 09:10:54 [INFO]:   - 오전 9시: 0 9 * * 1-5 (한국시간)
2025-10-16 09:10:54 [INFO]:   - 오후 1시: 0 13 * * 1-5 (한국시간)
2025-10-16 09:10:54 [INFO]:   - 오후 5시: 0 17 * * 1-5 (한국시간)
2025-10-16 09:10:54 [INFO]:   - 주말: 0 14 * * 6 (한국시간)
2025-10-16 09:10:54 [INFO]: ⏰ 자동 스크래핑 스케줄러 시작 완료
2025-10-16 09:10:54 [INFO]: 🚀 서버가 포트 3001에서 실행 중입니다
2025-10-16 09:10:54 [INFO]: 📊 헬스 체크: http://localhost:3001/health
2025-10-16 09:10:54 [INFO]: 🌐 프론트엔드: http://localhost:3001/
2025-10-16 09:10:59 [INFO]: 🔄 서버 시작 후 초기 스크래핑 실행
2025-10-16 09:10:59 [INFO]: 🚀 정기 스크래핑 시작 (서버 시작)
2025-10-16 09:10:59 [INFO]: 🔄 전체 기관 스크래핑 시작
2025-10-16 09:10:59 [INFO]: 금융위원회 보도자료 스크래핑 시작
2025-10-16 09:10:59 [INFO]: 금융위원회: 3개 새 보도자료 저장
2025-10-16 09:11:01 [INFO]: 금융감독원 보도자료 스크래핑 시작
2025-10-16 09:11:01 [INFO]: 금융감독원: 3개 새 보도자료 저장
2025-10-16 09:11:03 [INFO]: 공정거래위원회 보도자료 스크래핑 시작
2025-10-16 09:11:03 [INFO]: 공정거래위원회: 2개 새 보도자료 저장
2025-10-16 09:11:05 [INFO]: ✅ 스크래핑 완료: 신규 8개, 처리 11개
2025-10-16 09:11:05 [INFO]: ✅ 스크래핑 완료 (6초 소요)
2025-10-16 09:11:05 [INFO]: 📊 결과: 신규 8개, 총 처리 11개
2025-10-16 09:11:05 [INFO]: 📈 현재 DB 상태: 총 17개 보도자료 저장됨
2025-10-16 09:29:39 [INFO]: 데이터베이스 연결됨: /home/user/webapp/backend/data/government_news.db
2025-10-16 09:29:39 [INFO]: 뉴스 테이블 생성/확인 완료
2025-10-16 09:29:39 [INFO]: 통계 테이블 생성/확인 완료
2025-10-16 09:29:50 [INFO]: 데이터베이스 연결됨: /home/user/webapp/backend/data/government_news.db
2025-10-16 09:29:50 [INFO]: 뉴스 테이블 생성/확인 완료
2025-10-16 09:29:50 [INFO]: 통계 테이블 생성/확인 완료
2025-10-16 09:29:50 [INFO]: 데이터베이스 초기화 완료
2025-10-16 09:29:50 [INFO]: ⏰ 자동 스크래핑 스케줄러 설정 중...
2025-10-16 09:29:50 [INFO]: ✅ 스케줄러 설정 완료:
2025-10-16 09:29:50 [INFO]:   - 오전 9시: 0 9 * * 1-5 (한국시간)
2025-10-16 09:29:50 [INFO]:   - 오후 1시: 0 13 * * 1-5 (한국시간)
2025-10-16 09:29:50 [INFO]:   - 오후 5시: 0 17 * * 1-5 (한국시간)
2025-10-16 09:29:50 [INFO]:   - 주말: 0 14 * * 6 (한국시간)
2025-10-16 09:29:50 [INFO]: ⏰ 자동 스크래핑 스케줄러 시작 완료
2025-10-16 09:29:50 [INFO]: 🚀 서버가 포트 3002에서 실행 중입니다
2025-10-16 09:29:50 [INFO]: 📊 헬스 체크: http://localhost:3002/health
2025-10-16 09:29:50 [INFO]: 🌐 프론트엔드: http://localhost:3002/
2025-10-16 09:29:55 [INFO]: 🔄 서버 시작 후 초기 스크래핑 실행
2025-10-16 09:29:55 [INFO]: 🚀 정기 스크래핑 시작 (서버 시작)
2025-10-16 09:29:55 [INFO]: 🔄 전체 기관 스크래핑 시작
2025-10-16 09:29:55 [INFO]: 금융위원회 보도자료 스크래핑 시작
2025-10-16 09:29:55 [INFO]: 금융위원회: 0개 새 보도자료 저장
2025-10-16 09:29:57 [INFO]: 금융감독원 보도자료 스크래핑 시작
2025-10-16 09:29:57 [INFO]: 금융감독원: 2개 새 보도자료 저장
2025-10-16 09:29:59 [INFO]: 공정거래위원회 보도자료 스크래핑 시작
2025-10-16 09:29:59 [INFO]: 공정거래위원회: 2개 새 보도자료 저장
2025-10-16 09:30:01 [INFO]: ✅ 스크래핑 완료: 신규 4개, 처리 11개
2025-10-16 09:30:01 [INFO]: ✅ 스크래핑 완료 (6초 소요)
2025-10-16 09:30:01 [INFO]: 📊 결과: 신규 4개, 총 처리 11개
2025-10-16 09:30:01 [INFO]: 📈 현재 DB 상태: 총 21개 보도자료 저장됨
2025-10-16 09:30:40 [INFO]: 수동 스크래핑 요청 받음
2025-10-16 09:30:40 [INFO]: 🧪 테스트 스크래핑 실행 요청
2025-10-16 09:30:40 [INFO]: 🚀 정기 스크래핑 시작 (수동 테스트)
2025-10-16 09:30:40 [INFO]: 🔄 전체 기관 스크래핑 시작
2025-10-16 09:30:40 [INFO]: 금융위원회 보도자료 스크래핑 시작
2025-10-16 09:30:40 [INFO]: 금융위원회: 3개 새 보도자료 저장
2025-10-16 09:30:42 [INFO]: 금융감독원 보도자료 스크래핑 시작
2025-10-16 09:30:42 [INFO]: 금융감독원: 1개 새 보도자료 저장
2025-10-16 09:30:44 [INFO]: 공정거래위원회 보도자료 스크래핑 시작
2025-10-16 09:30:44 [INFO]: 공정거래위원회: 1개 새 보도자료 저장
2025-10-16 09:30:46 [INFO]: ✅ 스크래핑 완료: 신규 5개, 처리 11개
2025-10-16 09:30:46 [INFO]: ✅ 스크래핑 완료 (6초 소요)
2025-10-16 09:30:46 [INFO]: 📊 결과: 신규 5개, 총 처리 11개
2025-10-16 09:30:46 [INFO]: 📈 현재 DB 상태: 총 26개 보도자료 저장됨
2025-10-16 23:39:00 [INFO]: 데이터베이스 연결됨: /home/user/webapp/backend/data/government_news.db
2025-10-16 23:39:00 [INFO]: 뉴스 테이블 생성/확인 완료
2025-10-16 23:39:00 [INFO]: 통계 테이블 생성/확인 완료
2025-10-16 23:39:00 [INFO]: 데이터베이스 초기화 완료
2025-10-16 23:39:00 [INFO]: ⏰ 자동 스크래핑 스케줄러 설정 중...
2025-10-16 23:39:00 [INFO]: ✅ 스케줄러 설정 완료:
2025-10-16 23:39:00 [INFO]:   - 오전 9시: 0 9 * * 1-5 (한국시간)
2025-10-16 23:39:00 [INFO]:   - 오후 1시: 0 13 * * 1-5 (한국시간)
2025-10-16 23:39:00 [INFO]:   - 오후 5시: 0 17 * * 1-5 (한국시간)
2025-10-16 23:39:00 [INFO]:   - 주말: 0 14 * * 6 (한국시간)
2025-10-16 23:39:00 [INFO]: ⏰ 자동 스크래핑 스케줄러 시작 완료
2025-10-16 23:39:00 [INFO]: 🚀 서버가 포트 3000에서 실행 중입니다
2025-10-16 23:39:00 [INFO]: 📊 헬스 체크: http://localhost:3000/health
2025-10-16 23:39:00 [INFO]: 🌐 프론트엔드: http://localhost:3000/
2025-10-16 23:39:05 [INFO]: 🔄 서버 시작 후 초기 스크래핑 실행
2025-10-16 23:39:05 [INFO]: 🚀 정기 스크래핑 시작 (서버 시작)
2025-10-16 23:39:05 [INFO]: 🔄 전체 기관 스크래핑 시작
2025-10-16 23:39:05 [INFO]: 금융위원회 보도자료 스크래핑 시작
2025-10-16 23:39:05 [INFO]: 금융위원회: 3개 새 보도자료 저장
2025-10-16 23:39:07 [INFO]: 금융감독원 보도자료 스크래핑 시작
2025-10-16 23:39:07 [INFO]: 금융감독원: 0개 새 보도자료 저장
2025-10-16 23:39:09 [INFO]: 공정거래위원회 보도자료 스크래핑 시작
2025-10-16 23:39:09 [INFO]: 공정거래위원회: 1개 새 보도자료 저장
2025-10-16 23:39:11 [INFO]: ✅ 스크래핑 완료: 신규 4개, 처리 10개
2025-10-16 23:39:11 [INFO]: ✅ 스크래핑 완료 (6초 소요)
2025-10-16 23:39:11 [INFO]: 📊 결과: 신규 4개, 총 처리 10개
2025-10-16 23:39:11 [INFO]: 📈 현재 DB 상태: 총 30개 보도자료 저장됨
2025-10-16 23:40:45 [INFO]: 수동 스크래핑 요청 받음
2025-10-16 23:40:45 [INFO]: 🧪 테스트 스크래핑 실행 요청
2025-10-16 23:40:45 [INFO]: 🚀 정기 스크래핑 시작 (수동 테스트)
2025-10-16 23:40:45 [INFO]: 🔄 전체 기관 스크래핑 시작
2025-10-16 23:40:45 [INFO]: 금융위원회 보도자료 스크래핑 시작
2025-10-16 23:40:45 [INFO]: 금융위원회: 0개 새 보도자료 저장
2025-10-16 23:40:47 [INFO]: 금융감독원 보도자료 스크래핑 시작
2025-10-16 23:40:47 [INFO]: 금융감독원: 1개 새 보도자료 저장
2025-10-16 23:40:49 [INFO]: 공정거래위원회 보도자료 스크래핑 시작
2025-10-16 23:40:49 [INFO]: 공정거래위원회: 1개 새 보도자료 저장
2025-10-16 23:40:51 [INFO]: ✅ 스크래핑 완료: 신규 2개, 처리 11개
2025-10-16 23:40:51 [INFO]: ✅ 스크래핑 완료 (6초 소요)
2025-10-16 23:40:51 [INFO]: 📊 결과: 신규 2개, 총 처리 11개
2025-10-16 23:40:51 [INFO]: 📈 현재 DB 상태: 총 32개 보도자료 저장됨
2025-10-17 00:00:00 [INFO]: 🚀 정기 스크래핑 시작 (오전 9시 정기)
2025-10-17 00:00:00 [INFO]: 🔄 전체 기관 스크래핑 시작
2025-10-17 00:00:00 [INFO]: 금융위원회 보도자료 스크래핑 시작
2025-10-17 00:00:00 [INFO]: 금융위원회: 1개 새 보도자료 저장
2025-10-17 00:00:02 [INFO]: 금융감독원 보도자료 스크래핑 시작
2025-10-17 00:00:02 [INFO]: 금융감독원: 1개 새 보도자료 저장
2025-10-17 00:00:04 [INFO]: 공정거래위원회 보도자료 스크래핑 시작
2025-10-17 00:00:04 [INFO]: 공정거래위원회: 0개 새 보도자료 저장
2025-10-17 00:00:06 [INFO]: ✅ 스크래핑 완료: 신규 2개, 처리 13개
2025-10-17 00:00:06 [INFO]: ✅ 스크래핑 완료 (6초 소요)
2025-10-17 00:00:06 [INFO]: 📊 결과: 신규 2개, 총 처리 13개
2025-10-17 00:00:06 [INFO]: 📈 현재 DB 상태: 총 34개 보도자료 저장됨
2025-10-17 00:12:49 [INFO]: 데이터베이스 연결됨: /home/user/webapp/backend/data/government_news.db
2025-10-17 00:12:49 [INFO]: 뉴스 테이블 생성/확인 완료
2025-10-17 00:12:49 [INFO]: 통계 테이블 생성/확인 완료
2025-10-17 00:12:59 [INFO]: 서버 종료 신호를 받았습니다.
2025-10-17 00:13:05 [INFO]: 데이터베이스 연결됨: /home/user/webapp/backend/data/government_news.db
2025-10-17 00:13:05 [INFO]: 뉴스 테이블 생성/확인 완료
2025-10-17 00:13:05 [INFO]: 통계 테이블 생성/확인 완료
2025-10-17 00:13:05 [INFO]: 데이터베이스 초기화 완료
2025-10-17 00:13:05 [INFO]: ⏰ 자동 스크래핑 스케줄러 설정 중...
2025-10-17 00:13:05 [INFO]: ✅ 스케줄러 설정 완료:
2025-10-17 00:13:05 [INFO]:   - 오전 9시: 0 9 * * 1-5 (한국시간)
2025-10-17 00:13:05 [INFO]:   - 오후 1시: 0 13 * * 1-5 (한국시간)
2025-10-17 00:13:05 [INFO]:   - 오후 5시: 0 17 * * 1-5 (한국시간)
2025-10-17 00:13:05 [INFO]:   - 주말: 0 14 * * 6 (한국시간)
2025-10-17 00:13:05 [INFO]: ⏰ 자동 스크래핑 스케줄러 시작 완료
2025-10-17 00:13:05 [INFO]: 🚀 서버가 포트 3000에서 실행 중입니다
2025-10-17 00:13:05 [INFO]: 📊 헬스 체크: http://localhost:3000/health
2025-10-17 00:13:05 [INFO]: 🌐 프론트엔드: http://localhost:3000/
2025-10-17 00:13:10 [INFO]: 🔄 서버 시작 후 초기 스크래핑 실행
2025-10-17 00:13:10 [INFO]: 🚀 정기 스크래핑 시작 (서버 시작)
2025-10-17 00:13:10 [INFO]: 🔄 전체 기관 스크래핑 시작
2025-10-17 00:13:10 [INFO]: 금융위원회 보도자료 스크래핑 시작
2025-10-17 00:13:10 [INFO]: 금융위원회: 0개 새 보도자료 저장
2025-10-17 00:13:12 [INFO]: 금융감독원 보도자료 스크래핑 시작
2025-10-17 00:13:12 [INFO]: 금융감독원: 0개 새 보도자료 저장
2025-10-17 00:13:14 [INFO]: 공정거래위원회 보도자료 스크래핑 시작
2025-10-17 00:13:14 [INFO]: 공정거래위원회: 0개 새 보도자료 저장
2025-10-17 00:13:16 [INFO]: ✅ 스크래핑 완료: 신규 0개, 처리 13개
2025-10-17 00:13:16 [INFO]: ✅ 스크래핑 완료 (6초 소요)
2025-10-17 00:13:16 [INFO]: 📊 결과: 신규 0개, 총 처리 13개
2025-10-17 00:13:16 [INFO]: 📈 현재 DB 상태: 총 34개 보도자료 저장됨
2025-10-17 04:23:35 [INFO]: 데이터베이스 연결됨: /home/user/webapp/backend/data/government_news.db
2025-10-17 04:23:35 [INFO]: 뉴스 테이블 생성/확인 완료
2025-10-17 04:23:35 [INFO]: 통계 테이블 생성/확인 완료
2025-10-17 07:28:50 [INFO]: 데이터베이스 연결됨: /home/user/webapp/backend/data/government_news.db
2025-10-17 07:28:50 [INFO]: 뉴스 테이블 생성/확인 완료
2025-10-17 07:28:50 [INFO]: 통계 테이블 생성/확인 완료
2025-10-17 07:29:07 [INFO]: 데이터베이스 연결됨: /home/user/webapp/backend/data/government_news.db
2025-10-17 07:29:07 [INFO]: 뉴스 테이블 생성/확인 완료
2025-10-17 07:29:07 [INFO]: 통계 테이블 생성/확인 완료
2025-10-17 07:29:19 [INFO]: 데이터베이스 연결됨: /home/user/webapp/backend/data/government_news.db
2025-10-17 07:29:19 [INFO]: 뉴스 테이블 생성/확인 완료
2025-10-17 07:29:19 [INFO]: 통계 테이블 생성/확인 완료
2025-10-17 07:29:19 [INFO]: 데이터베이스 초기화 완료
2025-10-17 07:29:19 [INFO]: ⏰ 자동 스크래핑 스케줄러 설정 중...
2025-10-17 07:29:19 [INFO]: ✅ 스케줄러 설정 완료:
2025-10-17 07:29:19 [INFO]:   - 오전 9시: 0 9 * * 1-5 (한국시간)
2025-10-17 07:29:19 [INFO]:   - 오후 1시: 0 13 * * 1-5 (한국시간)
2025-10-17 07:29:19 [INFO]:   - 오후 5시: 0 17 * * 1-5 (한국시간)
2025-10-17 07:29:19 [INFO]:   - 주말: 0 14 * * 6 (한국시간)
2025-10-17 07:29:19 [INFO]: ⏰ 자동 스크래핑 스케줄러 시작 완료
2025-10-17 07:29:19 [INFO]: 🚀 서버가 포트 3001에서 실행 중입니다
2025-10-17 07:29:19 [INFO]: 📊 헬스 체크: http://localhost:3001/health
2025-10-17 07:29:19 [INFO]: 🌐 프론트엔드: http://localhost:3001/
2025-10-17 07:29:24 [INFO]: 🔄 서버 시작 후 초기 스크래핑 실행
2025-10-17 07:29:24 [INFO]: 🚀 정기 스크래핑 시작 (서버 시작)
2025-10-17 07:29:24 [INFO]: 🔄 전체 기관 스크래핑 시작
2025-10-17 07:29:24 [INFO]: 금융위원회 보도자료 스크래핑 시작
2025-10-17 07:29:25 [WARN]: 금융위원회 실제 스크래핑 실패, 데모 데이터 사용: 웹사이트 접근 오류: Request failed with status code 404
2025-10-17 07:29:25 [INFO]: 금융위원회: 2개 새 보도자료 저장
2025-10-17 07:29:27 [INFO]: 금융감독원 보도자료 스크래핑 시작
2025-10-17 07:29:29 [INFO]: 금융감독원: 실제 웹사이트에서 0개 기사 스크래핑
2025-10-17 07:29:29 [INFO]: 금융감독원: 0개 새 보도자료 저장
2025-10-17 07:29:31 [INFO]: 공정거래위원회 보도자료 스크래핑 시작
2025-10-17 07:29:32 [WARN]: 공정거래위원회 실제 스크래핑 실패, 데모 데이터 사용: 웹사이트 접근 오류: Request failed with status code 404
2025-10-17 07:29:32 [INFO]: 공정거래위원회: 2개 새 보도자료 저장
2025-10-17 07:29:34 [INFO]: ✅ 스크래핑 완료: 신규 4개, 처리 6개
2025-10-17 07:29:34 [INFO]: ✅ 스크래핑 완료 (10초 소요)
2025-10-17 07:29:34 [INFO]: 📊 결과: 신규 4개, 총 처리 6개
2025-10-17 07:29:34 [INFO]: 📈 현재 DB 상태: 총 38개 보도자료 저장됨
2025-10-17 08:00:00 [INFO]: 🚀 정기 스크래핑 시작 (오후 5시 정기)
2025-10-17 08:00:00 [INFO]: 🔄 전체 기관 스크래핑 시작
2025-10-17 08:00:00 [INFO]: 금융위원회 보도자료 스크래핑 시작
2025-10-17 08:00:01 [WARN]: 금융위원회 실제 스크래핑 실패, 데모 데이터 사용: 웹사이트 접근 오류: Request failed with status code 404
2025-10-17 08:00:01 [INFO]: 금융위원회: 2개 새 보도자료 저장
2025-10-17 08:00:03 [INFO]: 금융감독원 보도자료 스크래핑 시작
2025-10-17 08:00:05 [INFO]: 금융감독원: 실제 웹사이트에서 0개 기사 스크래핑
2025-10-17 08:00:05 [INFO]: 금융감독원: 0개 새 보도자료 저장
2025-10-17 08:00:07 [INFO]: 공정거래위원회 보도자료 스크래핑 시작
2025-10-17 08:00:08 [WARN]: 공정거래위원회 실제 스크래핑 실패, 데모 데이터 사용: 웹사이트 접근 오류: Request failed with status code 404
2025-10-17 08:00:08 [INFO]: 공정거래위원회: 1개 새 보도자료 저장
2025-10-17 08:00:10 [INFO]: ✅ 스크래핑 완료: 신규 3개, 처리 9개
2025-10-17 08:00:10 [INFO]: ✅ 스크래핑 완료 (10초 소요)
2025-10-17 08:00:10 [INFO]: 📊 결과: 신규 3개, 총 처리 9개
2025-10-17 08:00:10 [INFO]: 📈 현재 DB 상태: 총 41개 보도자료 저장됨
2025-10-17 08:13:41 [INFO]: 데이터베이스 연결됨: /home/user/webapp/backend/data/government_news.db
2025-10-17 08:13:41 [INFO]: 뉴스 테이블 생성/확인 완료
2025-10-17 08:13:41 [INFO]: 통계 테이블 생성/확인 완료
2025-10-17 08:13:41 [INFO]: 데이터베이스 초기화 완료
2025-10-17 08:13:41 [INFO]: ⏰ 자동 스크래핑 스케줄러 설정 중...
2025-10-17 08:13:41 [INFO]: ✅ 스케줄러 설정 완료:
2025-10-17 08:13:41 [INFO]:   - 오전 9시: 0 9 * * 1-5 (한국시간)
2025-10-17 08:13:41 [INFO]:   - 오후 1시: 0 13 * * 1-5 (한국시간)
2025-10-17 08:13:41 [INFO]:   - 오후 5시: 0 17 * * 1-5 (한국시간)
2025-10-17 08:13:41 [INFO]:   - 주말: 0 14 * * 6 (한국시간)
2025-10-17 08:13:41 [INFO]: ⏰ 자동 스크래핑 스케줄러 시작 완료
2025-10-17 08:13:41 [INFO]: 🚀 서버가 포트 3001에서 실행 중입니다
2025-10-17 08:13:41 [INFO]: 📊 헬스 체크: http://localhost:3001/health
2025-10-17 08:13:41 [INFO]: 🌐 프론트엔드: http://localhost:3001/
2025-10-17 08:13:41 [INFO]: 데이터베이스 연결됨: /home/user/webapp/backend/data/government_news.db
2025-10-17 08:13:41 [INFO]: 뉴스 테이블 생성/확인 완료
2025-10-17 08:13:41 [INFO]: 통계 테이블 생성/확인 완료
2025-10-17 08:13:41 [INFO]: 데이터베이스 초기화 완료
2025-10-17 08:13:41 [INFO]: ⏰ 자동 스크래핑 스케줄러 설정 중...
2025-10-17 08:13:41 [INFO]: ✅ 스케줄러 설정 완료:
2025-10-17 08:13:41 [INFO]:   - 오전 9시: 0 9 * * 1-5 (한국시간)
2025-10-17 08:13:41 [INFO]:   - 오후 1시: 0 13 * * 1-5 (한국시간)
2025-10-17 08:13:41 [INFO]:   - 오후 5시: 0 17 * * 1-5 (한국시간)
2025-10-17 08:13:41 [INFO]:   - 주말: 0 14 * * 6 (한국시간)
2025-10-17 08:13:41 [INFO]: ⏰ 자동 스크래핑 스케줄러 시작 완료
2025-10-17 08:13:41 [INFO]: 🚀 서버가 포트 3000에서 실행 중입니다
2025-10-17 08:13:41 [INFO]: 📊 헬스 체크: http://localhost:3000/health
2025-10-17 08:13:41 [INFO]: 🌐 프론트엔드: http://localhost:3000/
2025-10-17 08:13:41 [INFO]: 데이터베이스 연결됨: /home/user/webapp/backend/data/government_news.db
2025-10-17 08:13:41 [INFO]: 뉴스 테이블 생성/확인 완료
2025-10-17 08:13:41 [INFO]: 통계 테이블 생성/확인 완료
2025-10-17 08:13:46 [INFO]: 🔄 서버 시작 후 초기 스크래핑 실행
2025-10-17 08:13:46 [INFO]: 🔄 서버 시작 후 초기 스크래핑 실행
2025-10-17 08:13:46 [INFO]: 🚀 정기 스크래핑 시작 (서버 시작)
2025-10-17 08:13:46 [INFO]: 🔄 전체 기관 스크래핑 시작
2025-10-17 08:13:46 [INFO]: 금융위원회 보도자료 스크래핑 시작
2025-10-17 08:13:46 [INFO]: 🚀 정기 스크래핑 시작 (서버 시작)
2025-10-17 08:13:46 [INFO]: 🔄 전체 기관 스크래핑 시작
2025-10-17 08:13:46 [INFO]: 금융위원회 보도자료 스크래핑 시작
2025-10-17 08:13:47 [WARN]: 금융위원회 실제 스크래핑 실패, 데모 데이터 사용: 웹사이트 접근 오류: Request failed with status code 404
2025-10-17 08:13:47 [INFO]: 금융위원회: 2개 새 보도자료 저장
2025-10-17 08:13:47 [WARN]: 금융위원회 실제 스크래핑 실패, 데모 데이터 사용: 웹사이트 접근 오류: Request failed with status code 404
2025-10-17 08:13:47 [INFO]: 금융위원회: 0개 새 보도자료 저장
2025-10-17 08:13:48 [INFO]: 데이터베이스 연결됨: /home/user/webapp/backend/data/government_news.db
2025-10-17 08:13:48 [INFO]: 뉴스 테이블 생성/확인 완료
2025-10-17 08:13:48 [INFO]: 통계 테이블 생성/확인 완료
2025-10-17 08:13:49 [INFO]: 금융감독원 보도자료 스크래핑 시작
2025-10-17 08:13:49 [INFO]: 금융감독원 보도자료 스크래핑 시작
2025-10-17 08:13:51 [INFO]: 금융감독원: 실제 웹사이트에서 0개 기사 스크래핑
2025-10-17 08:13:51 [INFO]: 금융감독원: 0개 새 보도자료 저장
2025-10-17 08:13:51 [INFO]: 금융감독원: 실제 웹사이트에서 0개 기사 스크래핑
2025-10-17 08:13:51 [INFO]: 금융감독원: 0개 새 보도자료 저장
2025-10-17 08:13:53 [INFO]: 공정거래위원회 보도자료 스크래핑 시작
2025-10-17 08:13:53 [INFO]: 공정거래위원회 보도자료 스크래핑 시작
2025-10-17 08:13:54 [WARN]: 공정거래위원회 실제 스크래핑 실패, 데모 데이터 사용: 웹사이트 접근 오류: Request failed with status code 404
2025-10-17 08:13:54 [INFO]: 공정거래위원회: 1개 새 보도자료 저장
2025-10-17 08:13:54 [WARN]: 공정거래위원회 실제 스크래핑 실패, 데모 데이터 사용: 웹사이트 접근 오류: Request failed with status code 404
2025-10-17 08:13:54 [INFO]: 공정거래위원회: 1개 새 보도자료 저장
2025-10-17 08:13:56 [INFO]: ✅ 스크래핑 완료: 신규 3개, 처리 7개
2025-10-17 08:13:56 [INFO]: ✅ 스크래핑 완료 (10초 소요)
2025-10-17 08:13:56 [INFO]: 📊 결과: 신규 3개, 총 처리 7개
2025-10-17 08:13:56 [INFO]: 📈 현재 DB 상태: 총 45개 보도자료 저장됨
2025-10-17 08:13:56 [INFO]: ✅ 스크래핑 완료: 신규 1개, 처리 8개
2025-10-17 08:13:56 [INFO]: ✅ 스크래핑 완료 (10초 소요)
2025-10-17 08:13:56 [INFO]: 📊 결과: 신규 1개, 총 처리 8개
2025-10-17 08:13:56 [INFO]: 📈 현재 DB 상태: 총 45개 보도자료 저장됨
2025-10-17 08:14:15 [INFO]: 데이터베이스 연결됨: /home/user/webapp/backend/data/government_news.db
2025-10-17 08:14:15 [INFO]: 뉴스 테이블 생성/확인 완료
2025-10-17 08:14:15 [INFO]: 통계 테이블 생성/확인 완료
2025-10-17 08:14:15 [INFO]: 데이터베이스 초기화 완료
2025-10-17 08:14:15 [INFO]: ⏰ 자동 스크래핑 스케줄러 설정 중...
2025-10-17 08:14:15 [INFO]: ✅ 스케줄러 설정 완료:
2025-10-17 08:14:15 [INFO]:   - 오전 9시: 0 9 * * 1-5 (한국시간)
2025-10-17 08:14:15 [INFO]:   - 오후 1시: 0 13 * * 1-5 (한국시간)
2025-10-17 08:14:15 [INFO]:   - 오후 5시: 0 17 * * 1-5 (한국시간)
2025-10-17 08:14:15 [INFO]:   - 주말: 0 14 * * 6 (한국시간)
2025-10-17 08:14:15 [INFO]: ⏰ 자동 스크래핑 스케줄러 시작 완료
2025-10-17 08:14:15 [INFO]: 🚀 서버가 포트 3002에서 실행 중입니다
2025-10-17 08:14:15 [INFO]: 📊 헬스 체크: http://localhost:3002/health
2025-10-17 08:14:15 [INFO]: 🌐 프론트엔드: http://localhost:3002/
2025-10-17 08:14:20 [INFO]: 🔄 서버 시작 후 초기 스크래핑 실행
2025-10-17 08:14:20 [INFO]: 🚀 정기 스크래핑 시작 (서버 시작)
2025-10-17 08:14:20 [INFO]: 🔄 전체 기관 스크래핑 시작
2025-10-17 08:14:20 [INFO]: 금융위원회 보도자료 스크래핑 시작
2025-10-17 08:14:23 [WARN]: 금융위원회 실제 스크래핑 실패, 데모 데이터 사용: 웹사이트 접근 오류: Request failed with status code 404
2025-10-17 08:14:23 [INFO]: 금융위원회: 0개 새 보도자료 저장
2025-10-17 08:14:25 [INFO]: 금융감독원 보도자료 스크래핑 시작
2025-10-17 08:14:27 [INFO]: 금융감독원: 실제 웹사이트에서 0개 기사 스크래핑
2025-10-17 08:14:27 [INFO]: 금융감독원: 0개 새 보도자료 저장
2025-10-17 08:14:29 [INFO]: 공정거래위원회 보도자료 스크래핑 시작
2025-10-17 08:14:29 [WARN]: 공정거래위원회 실제 스크래핑 실패, 데모 데이터 사용: 웹사이트 접근 오류: Request failed with status code 404
2025-10-17 08:14:29 [INFO]: 공정거래위원회: 1개 새 보도자료 저장
2025-10-17 08:14:32 [INFO]: ✅ 스크래핑 완료: 신규 1개, 처리 10개
2025-10-17 08:14:32 [INFO]: ✅ 스크래핑 완료 (11초 소요)
2025-10-17 08:14:32 [INFO]: 📊 결과: 신규 1개, 총 처리 10개
2025-10-17 08:14:32 [INFO]: 📈 현재 DB 상태: 총 46개 보도자료 저장됨
2025-10-17 08:16:17 [INFO]: 데이터베이스 연결됨: /home/user/webapp/backend/data/government_news.db
2025-10-17 08:16:17 [INFO]: 뉴스 테이블 생성/확인 완료
2025-10-17 08:16:17 [INFO]: 통계 테이블 생성/확인 완료
2025-10-17 08:16:17 [INFO]: 데이터베이스 연결됨: /home/user/webapp/backend/data/government_news.db
2025-10-17 08:16:17 [INFO]: 뉴스 테이블 생성/확인 완료
2025-10-17 08:16:17 [INFO]: 통계 테이블 생성/확인 완료
2025-10-17 08:16:17 [INFO]: 데이터베이스 초기화 완료
2025-10-17 08:16:17 [INFO]: ⏰ 자동 스크래핑 스케줄러 설정 중...
2025-10-17 08:16:18 [INFO]: ✅ 스케줄러 설정 완료:
2025-10-17 08:16:18 [INFO]:   - 오전 9시: 0 9 * * 1-5 (한국시간)
2025-10-17 08:16:18 [INFO]:   - 오후 1시: 0 13 * * 1-5 (한국시간)
2025-10-17 08:16:18 [INFO]:   - 오후 5시: 0 17 * * 1-5 (한국시간)
2025-10-17 08:16:18 [INFO]:   - 주말: 0 14 * * 6 (한국시간)
2025-10-17 08:16:18 [INFO]: ⏰ 자동 스크래핑 스케줄러 시작 완료
2025-10-17 08:16:18 [INFO]: 🚀 서버가 포트 3001에서 실행 중입니다
2025-10-17 08:16:18 [INFO]: 📊 헬스 체크: http://localhost:3001/health
2025-10-17 08:16:18 [INFO]: 🌐 프론트엔드: http://localhost:3001/
2025-10-17 08:16:17 [INFO]: 데이터베이스 초기화 완료
2025-10-17 08:16:17 [INFO]: ⏰ 자동 스크래핑 스케줄러 설정 중...
2025-10-17 08:16:18 [INFO]: ✅ 스케줄러 설정 완료:
2025-10-17 08:16:18 [INFO]:   - 오전 9시: 0 9 * * 1-5 (한국시간)
2025-10-17 08:16:18 [INFO]:   - 오후 1시: 0 13 * * 1-5 (한국시간)
2025-10-17 08:16:18 [INFO]:   - 오후 5시: 0 17 * * 1-5 (한국시간)
2025-10-17 08:16:18 [INFO]:   - 주말: 0 14 * * 6 (한국시간)
2025-10-17 08:16:18 [INFO]: ⏰ 자동 스크래핑 스케줄러 시작 완료
2025-10-17 08:16:18 [INFO]: 🚀 서버가 포트 3000에서 실행 중입니다
2025-10-17 08:16:18 [INFO]: 📊 헬스 체크: http://localhost:3000/health
2025-10-17 08:16:18 [INFO]: 🌐 프론트엔드: http://localhost:3000/
2025-10-17 08:16:18 [INFO]: 데이터베이스 연결됨: /home/user/webapp/backend/data/government_news.db
2025-10-17 08:16:18 [INFO]: 데이터베이스 연결됨: /home/user/webapp/backend/data/government_news.db
2025-10-17 08:16:18 [INFO]: 데이터베이스 연결됨: /home/user/webapp/backend/data/government_news.db
2025-10-17 08:16:18 [INFO]: 뉴스 테이블 생성/확인 완료
2025-10-17 08:16:18 [INFO]: 뉴스 테이블 생성/확인 완료
2025-10-17 08:16:18 [INFO]: 통계 테이블 생성/확인 완료
2025-10-17 08:16:18 [INFO]: 통계 테이블 생성/확인 완료
2025-10-17 08:16:18 [INFO]: 뉴스 테이블 생성/확인 완료
2025-10-17 08:16:18 [INFO]: 통계 테이블 생성/확인 완료
2025-10-17 08:16:18 [INFO]: 데이터베이스 초기화 완료
2025-10-17 08:16:18 [INFO]: ⏰ 자동 스크래핑 스케줄러 설정 중...
2025-10-17 08:16:18 [INFO]: ✅ 스케줄러 설정 완료:
2025-10-17 08:16:18 [INFO]:   - 오전 9시: 0 9 * * 1-5 (한국시간)
2025-10-17 08:16:18 [INFO]:   - 오후 1시: 0 13 * * 1-5 (한국시간)
2025-10-17 08:16:18 [INFO]:   - 오후 5시: 0 17 * * 1-5 (한국시간)
2025-10-17 08:16:18 [INFO]:   - 주말: 0 14 * * 6 (한국시간)
2025-10-17 08:16:18 [INFO]: ⏰ 자동 스크래핑 스케줄러 시작 완료
2025-10-17 08:16:18 [INFO]: 🚀 서버가 포트 3002에서 실행 중입니다
2025-10-17 08:16:18 [INFO]: 📊 헬스 체크: http://localhost:3002/health
2025-10-17 08:16:18 [INFO]: 🌐 프론트엔드: http://localhost:3002/
2025-10-17 08:16:23 [INFO]: 🔄 서버 시작 후 초기 스크래핑 실행
2025-10-17 08:16:23 [INFO]: 🔄 서버 시작 후 초기 스크래핑 실행
2025-10-17 08:16:23 [INFO]: 🚀 정기 스크래핑 시작 (서버 시작)
2025-10-17 08:16:23 [INFO]: 🔄 전체 기관 스크래핑 시작
2025-10-17 08:16:23 [INFO]: 금융위원회 보도자료 스크래핑 시작
2025-10-17 08:16:23 [INFO]: 🚀 정기 스크래핑 시작 (서버 시작)
2025-10-17 08:16:23 [INFO]: 🔄 전체 기관 스크래핑 시작
2025-10-17 08:16:23 [INFO]: 금융위원회 보도자료 스크래핑 시작
2025-10-17 08:16:23 [INFO]: 🔄 서버 시작 후 초기 스크래핑 실행
2025-10-17 08:16:23 [INFO]: 🚀 정기 스크래핑 시작 (서버 시작)
2025-10-17 08:16:23 [INFO]: 🔄 전체 기관 스크래핑 시작
2025-10-17 08:16:23 [INFO]: 금융위원회 보도자료 스크래핑 시작
2025-10-17 08:16:23 [WARN]: 금융위원회 실제 스크래핑 실패, 데모 데이터 사용: 웹사이트 접근 오류: Request failed with status code 404
2025-10-17 08:16:23 [INFO]: 금융위원회: 1개 새 보도자료 저장
2025-10-17 08:16:24 [WARN]: 금융위원회 실제 스크래핑 실패, 데모 데이터 사용: 웹사이트 접근 오류: Request failed with status code 404
2025-10-17 08:16:24 [INFO]: 금융위원회: 0개 새 보도자료 저장
2025-10-17 08:16:24 [WARN]: 금융위원회 실제 스크래핑 실패, 데모 데이터 사용: 웹사이트 접근 오류: Request failed with status code 404
2025-10-17 08:16:24 [INFO]: 금융위원회: 0개 새 보도자료 저장
2025-10-17 08:16:25 [INFO]: 데이터베이스 연결됨: /home/user/webapp/backend/data/government_news.db
2025-10-17 08:16:25 [INFO]: 뉴스 테이블 생성/확인 완료
2025-10-17 08:16:25 [INFO]: 통계 테이블 생성/확인 완료
2025-10-17 08:16:25 [INFO]: 금융감독원 보도자료 스크래핑 시작
2025-10-17 08:16:26 [INFO]: 금융감독원 보도자료 스크래핑 시작
2025-10-17 08:16:26 [INFO]: 금융감독원 보도자료 스크래핑 시작
2025-10-17 08:16:28 [INFO]: 금융감독원: 실제 웹사이트에서 0개 기사 스크래핑
2025-10-17 08:16:28 [INFO]: 금융감독원: 0개 새 보도자료 저장
2025-10-17 08:16:28 [INFO]: 금융감독원: 실제 웹사이트에서 0개 기사 스크래핑
2025-10-17 08:16:28 [INFO]: 금융감독원: 0개 새 보도자료 저장
2025-10-17 08:16:28 [INFO]: 금융감독원: 실제 웹사이트에서 0개 기사 스크래핑
2025-10-17 08:16:28 [INFO]: 금융감독원: 0개 새 보도자료 저장
2025-10-17 08:16:30 [INFO]: 공정거래위원회 보도자료 스크래핑 시작
2025-10-17 08:16:30 [INFO]: 공정거래위원회 보도자료 스크래핑 시작
2025-10-17 08:16:30 [INFO]: 공정거래위원회 보도자료 스크래핑 시작
2025-10-17 08:16:31 [WARN]: 공정거래위원회 실제 스크래핑 실패, 데모 데이터 사용: 웹사이트 접근 오류: Request failed with status code 404
2025-10-17 08:16:31 [INFO]: 공정거래위원회: 2개 새 보도자료 저장
2025-10-17 08:16:31 [WARN]: 공정거래위원회 실제 스크래핑 실패, 데모 데이터 사용: 웹사이트 접근 오류: Request failed with status code 404
2025-10-17 08:16:31 [INFO]: 공정거래위원회: 0개 새 보도자료 저장
2025-10-17 08:16:31 [WARN]: 공정거래위원회 실제 스크래핑 실패, 데모 데이터 사용: 웹사이트 접근 오류: Request failed with status code 404
2025-10-17 08:16:31 [INFO]: 공정거래위원회: 0개 새 보도자료 저장
2025-10-17 08:16:33 [INFO]: ✅ 스크래핑 완료: 신규 3개, 처리 7개
2025-10-17 08:16:33 [INFO]: ✅ 스크래핑 완료 (10초 소요)
2025-10-17 08:16:33 [INFO]: 📊 결과: 신규 3개, 총 처리 7개
2025-10-17 08:16:33 [INFO]: 📈 현재 DB 상태: 총 49개 보도자료 저장됨
2025-10-17 08:16:33 [INFO]: ✅ 스크래핑 완료: 신규 0개, 처리 8개
2025-10-17 08:16:33 [INFO]: ✅ 스크래핑 완료 (10초 소요)
2025-10-17 08:16:33 [INFO]: 📊 결과: 신규 0개, 총 처리 8개
2025-10-17 08:16:33 [INFO]: 📈 현재 DB 상태: 총 49개 보도자료 저장됨
2025-10-17 08:16:33 [INFO]: ✅ 스크래핑 완료: 신규 0개, 처리 8개
2025-10-17 08:16:33 [INFO]: ✅ 스크래핑 완료 (10초 소요)
2025-10-17 08:16:33 [INFO]: 📊 결과: 신규 0개, 총 처리 8개
2025-10-17 08:16:33 [INFO]: 📈 현재 DB 상태: 총 49개 보도자료 저장됨
2025-10-17 08:17:09 [INFO]: 데이터베이스 연결됨: /home/user/webapp/backend/data/government_news.db
2025-10-17 08:17:09 [INFO]: 뉴스 테이블 생성/확인 완료
2025-10-17 08:17:09 [INFO]: 통계 테이블 생성/확인 완료
2025-10-17 08:17:24 [INFO]: 데이터베이스 연결됨: /home/user/webapp/backend/data/government_news.db
2025-10-17 08:17:24 [INFO]: 뉴스 테이블 생성/확인 완료
2025-10-17 08:17:24 [INFO]: 통계 테이블 생성/확인 완료
2025-10-17 08:17:24 [INFO]: 데이터베이스 초기화 완료
2025-10-17 08:17:24 [INFO]: ⏰ 자동 스크래핑 스케줄러 설정 중...
2025-10-17 08:17:24 [INFO]: ✅ 스케줄러 설정 완료:
2025-10-17 08:17:24 [INFO]:   - 오전 9시: 0 9 * * 1-5 (한국시간)
2025-10-17 08:17:24 [INFO]:   - 오후 1시: 0 13 * * 1-5 (한국시간)
2025-10-17 08:17:24 [INFO]:   - 오후 5시: 0 17 * * 1-5 (한국시간)
2025-10-17 08:17:24 [INFO]:   - 주말: 0 14 * * 6 (한국시간)
2025-10-17 08:17:24 [INFO]: ⏰ 자동 스크래핑 스케줄러 시작 완료
2025-10-17 08:17:24 [INFO]: 🚀 서버가 포트 5000에서 실행 중입니다
2025-10-17 08:17:24 [INFO]: 📊 헬스 체크: http://localhost:5000/health
2025-10-17 08:17:24 [INFO]: 🌐 프론트엔드: http://localhost:5000/
2025-10-17 08:17:29 [INFO]: 🔄 서버 시작 후 초기 스크래핑 실행
2025-10-17 08:17:29 [INFO]: 🚀 정기 스크래핑 시작 (서버 시작)
2025-10-17 08:17:29 [INFO]: 🔄 전체 기관 스크래핑 시작
2025-10-17 08:17:29 [INFO]: 금융위원회 보도자료 스크래핑 시작
2025-10-17 08:17:30 [WARN]: 금융위원회 실제 스크래핑 실패, 데모 데이터 사용: 웹사이트 접근 오류: Request failed with status code 404
2025-10-17 08:17:30 [INFO]: 금융위원회: 0개 새 보도자료 저장
2025-10-17 08:17:32 [INFO]: 금융감독원 보도자료 스크래핑 시작
2025-10-17 08:17:34 [INFO]: 금융감독원: 실제 웹사이트에서 0개 기사 스크래핑
2025-10-17 08:17:34 [INFO]: 금융감독원: 0개 새 보도자료 저장
2025-10-17 08:17:36 [INFO]: 공정거래위원회 보도자료 스크래핑 시작
2025-10-17 08:17:37 [WARN]: 공정거래위원회 실제 스크래핑 실패, 데모 데이터 사용: 웹사이트 접근 오류: Request failed with status code 404
2025-10-17 08:17:37 [INFO]: 공정거래위원회: 0개 새 보도자료 저장
2025-10-17 08:17:39 [INFO]: ✅ 스크래핑 완료: 신규 0개, 처리 7개
2025-10-17 08:17:39 [INFO]: ✅ 스크래핑 완료 (10초 소요)
2025-10-17 08:17:39 [INFO]: 📊 결과: 신규 0개, 총 처리 7개
2025-10-17 08:17:39 [INFO]: 📈 현재 DB 상태: 총 49개 보도자료 저장됨
2025-10-17 08:42:15 [INFO]: 데이터베이스 연결됨: /home/user/webapp/backend/data/government_news.db
2025-10-17 08:42:15 [INFO]: 뉴스 테이블 생성/확인 완료
2025-10-17 08:42:15 [INFO]: 통계 테이블 생성/확인 완료
2025-10-17 08:42:15 [INFO]: 데이터베이스 연결됨: /home/user/webapp/backend/data/government_news.db
2025-10-17 08:42:15 [INFO]: 뉴스 테이블 생성/확인 완료
2025-10-17 08:42:15 [INFO]: 통계 테이블 생성/확인 완료
2025-10-17 08:42:15 [INFO]: 데이터베이스 연결됨: /home/user/webapp/backend/data/government_news.db
2025-10-17 08:42:15 [INFO]: 뉴스 테이블 생성/확인 완료
2025-10-17 08:42:15 [INFO]: 데이터베이스 연결됨: /home/user/webapp/backend/data/government_news.db
2025-10-17 08:42:15 [INFO]: 통계 테이블 생성/확인 완료
2025-10-17 08:42:15 [INFO]: 뉴스 테이블 생성/확인 완료
2025-10-17 08:42:15 [INFO]: 통계 테이블 생성/확인 완료
2025-10-17 08:42:15 [INFO]: 데이터베이스 연결됨: /home/user/webapp/backend/data/government_news.db
2025-10-17 08:42:15 [INFO]: 뉴스 테이블 생성/확인 완료
2025-10-17 08:42:15 [INFO]: 통계 테이블 생성/확인 완료
2025-10-17 08:42:15 [INFO]: 데이터베이스 연결됨: /home/user/webapp/backend/data/government_news.db
2025-10-17 08:42:15 [INFO]: 데이터베이스 연결됨: /home/user/webapp/backend/data/government_news.db
2025-10-17 08:42:15 [INFO]: 뉴스 테이블 생성/확인 완료
2025-10-17 08:42:15 [INFO]: 통계 테이블 생성/확인 완료
2025-10-17 08:42:15 [INFO]: 뉴스 테이블 생성/확인 완료
2025-10-17 08:42:15 [INFO]: 통계 테이블 생성/확인 완료
2025-10-17 08:42:15 [INFO]: 데이터베이스 연결됨: /home/user/webapp/backend/data/government_news.db
2025-10-17 08:42:15 [INFO]: 데이터베이스 초기화 완료
2025-10-17 08:42:15 [INFO]: ⏰ 자동 스크래핑 스케줄러 설정 중...
2025-10-17 08:42:15 [INFO]: ✅ 스케줄러 설정 완료:
2025-10-17 08:42:15 [INFO]:   - 오전 9시: 0 9 * * 1-5 (한국시간)
2025-10-17 08:42:15 [INFO]:   - 오후 1시: 0 13 * * 1-5 (한국시간)
2025-10-17 08:42:15 [INFO]:   - 오후 5시: 0 17 * * 1-5 (한국시간)
2025-10-17 08:42:15 [INFO]:   - 주말: 0 14 * * 6 (한국시간)
2025-10-17 08:42:15 [INFO]: ⏰ 자동 스크래핑 스케줄러 시작 완료
2025-10-17 08:42:15 [INFO]: 🚀 서버가 포트 3001에서 실행 중입니다
2025-10-17 08:42:15 [INFO]: 📊 헬스 체크: http://localhost:3001/health
2025-10-17 08:42:15 [INFO]: 🌐 프론트엔드: http://localhost:3001/
2025-10-17 08:42:15 [INFO]: 뉴스 테이블 생성/확인 완료
2025-10-17 08:42:15 [INFO]: 통계 테이블 생성/확인 완료
2025-10-17 08:42:15 [INFO]: 데이터베이스 초기화 완료
2025-10-17 08:42:15 [INFO]: ⏰ 자동 스크래핑 스케줄러 설정 중...
2025-10-17 08:42:15 [INFO]: ✅ 스케줄러 설정 완료:
2025-10-17 08:42:15 [INFO]:   - 오전 9시: 0 9 * * 1-5 (한국시간)
2025-10-17 08:42:15 [INFO]:   - 오후 1시: 0 13 * * 1-5 (한국시간)
2025-10-17 08:42:15 [INFO]:   - 오후 5시: 0 17 * * 1-5 (한국시간)
2025-10-17 08:42:15 [INFO]:   - 주말: 0 14 * * 6 (한국시간)
2025-10-17 08:42:15 [INFO]: ⏰ 자동 스크래핑 스케줄러 시작 완료
2025-10-17 08:42:15 [INFO]: 🚀 서버가 포트 5000에서 실행 중입니다
2025-10-17 08:42:15 [INFO]: 📊 헬스 체크: http://localhost:5000/health
2025-10-17 08:42:15 [INFO]: 🌐 프론트엔드: http://localhost:5000/
2025-10-17 08:42:15 [INFO]: 데이터베이스 초기화 완료
2025-10-17 08:42:15 [INFO]: ⏰ 자동 스크래핑 스케줄러 설정 중...
2025-10-17 08:42:15 [INFO]: ✅ 스케줄러 설정 완료:
2025-10-17 08:42:15 [INFO]:   - 오전 9시: 0 9 * * 1-5 (한국시간)
2025-10-17 08:42:15 [INFO]:   - 오후 1시: 0 13 * * 1-5 (한국시간)
2025-10-17 08:42:15 [INFO]:   - 오후 5시: 0 17 * * 1-5 (한국시간)
2025-10-17 08:42:15 [INFO]:   - 주말: 0 14 * * 6 (한국시간)
2025-10-17 08:42:15 [INFO]: ⏰ 자동 스크래핑 스케줄러 시작 완료
2025-10-17 08:42:15 [INFO]: 🚀 서버가 포트 3000에서 실행 중입니다
2025-10-17 08:42:15 [INFO]: 📊 헬스 체크: http://localhost:3000/health
2025-10-17 08:42:15 [INFO]: 🌐 프론트엔드: http://localhost:3000/
2025-10-17 08:42:15 [INFO]: 데이터베이스 초기화 완료
2025-10-17 08:42:15 [INFO]: ⏰ 자동 스크래핑 스케줄러 설정 중...
2025-10-17 08:42:15 [INFO]: ✅ 스케줄러 설정 완료:
2025-10-17 08:42:15 [INFO]:   - 오전 9시: 0 9 * * 1-5 (한국시간)
2025-10-17 08:42:15 [INFO]:   - 오후 1시: 0 13 * * 1-5 (한국시간)
2025-10-17 08:42:15 [INFO]:   - 오후 5시: 0 17 * * 1-5 (한국시간)
2025-10-17 08:42:15 [INFO]:   - 주말: 0 14 * * 6 (한국시간)
2025-10-17 08:42:15 [INFO]: ⏰ 자동 스크래핑 스케줄러 시작 완료
2025-10-17 08:42:15 [INFO]: 🚀 서버가 포트 3002에서 실행 중입니다
2025-10-17 08:42:15 [INFO]: 📊 헬스 체크: http://localhost:3002/health
2025-10-17 08:42:15 [INFO]: 🌐 프론트엔드: http://localhost:3002/
2025-10-17 08:42:20 [INFO]: 🔄 서버 시작 후 초기 스크래핑 실행
2025-10-17 08:42:20 [INFO]: 🚀 정기 스크래핑 시작 (서버 시작)
2025-10-17 08:42:20 [INFO]: 🔄 전체 기관 스크래핑 시작
2025-10-17 08:42:20 [INFO]: 금융위원회 보도자료 스크래핑 시작
2025-10-17 08:42:20 [INFO]: 🔄 서버 시작 후 초기 스크래핑 실행
2025-10-17 08:42:20 [INFO]: 🔄 서버 시작 후 초기 스크래핑 실행
2025-10-17 08:42:20 [INFO]: 🔄 서버 시작 후 초기 스크래핑 실행
2025-10-17 08:42:20 [INFO]: 🚀 정기 스크래핑 시작 (서버 시작)
2025-10-17 08:42:20 [INFO]: 🔄 전체 기관 스크래핑 시작
2025-10-17 08:42:20 [INFO]: 금융위원회 보도자료 스크래핑 시작
2025-10-17 08:42:20 [INFO]: 🚀 정기 스크래핑 시작 (서버 시작)
2025-10-17 08:42:20 [INFO]: 🔄 전체 기관 스크래핑 시작
2025-10-17 08:42:20 [INFO]: 금융위원회 보도자료 스크래핑 시작
2025-10-17 08:42:20 [INFO]: 🚀 정기 스크래핑 시작 (서버 시작)
2025-10-17 08:42:20 [INFO]: 🔄 전체 기관 스크래핑 시작
2025-10-17 08:42:20 [INFO]: 금융위원회 보도자료 스크래핑 시작
2025-10-17 08:42:21 [WARN]: 금융위원회 실제 스크래핑 실패, 데모 데이터 사용: 웹사이트 접근 오류: Request failed with status code 404
2025-10-17 08:42:21 [INFO]: 금융위원회: 0개 새 보도자료 저장
2025-10-17 08:42:21 [WARN]: 금융위원회 실제 스크래핑 실패, 데모 데이터 사용: 웹사이트 접근 오류: Request failed with status code 404
2025-10-17 08:42:21 [INFO]: 금융위원회: 0개 새 보도자료 저장
2025-10-17 08:42:22 [WARN]: 금융위원회 실제 스크래핑 실패, 데모 데이터 사용: 웹사이트 접근 오류: Request failed with status code 404
2025-10-17 08:42:22 [INFO]: 금융위원회: 0개 새 보도자료 저장
2025-10-17 08:42:22 [WARN]: 금융위원회 실제 스크래핑 실패, 데모 데이터 사용: 웹사이트 접근 오류: Request failed with status code 404
2025-10-17 08:42:22 [INFO]: 금융위원회: 0개 새 보도자료 저장
2025-10-17 08:42:23 [INFO]: 금융감독원 보도자료 스크래핑 시작
2025-10-17 08:42:23 [INFO]: 금융감독원 보도자료 스크래핑 시작
2025-10-17 08:42:24 [INFO]: 금융감독원 보도자료 스크래핑 시작
2025-10-17 08:42:24 [INFO]: 금융감독원 보도자료 스크래핑 시작
2025-10-17 08:42:26 [INFO]: 금융감독원: 실제 웹사이트에서 0개 기사 스크래핑
2025-10-17 08:42:26 [INFO]: 금융감독원: 0개 새 보도자료 저장
2025-10-17 08:42:26 [INFO]: 금융감독원: 실제 웹사이트에서 0개 기사 스크래핑
2025-10-17 08:42:26 [INFO]: 금융감독원: 0개 새 보도자료 저장
2025-10-17 08:42:26 [INFO]: 금융감독원: 실제 웹사이트에서 0개 기사 스크래핑
2025-10-17 08:42:26 [INFO]: 금융감독원: 0개 새 보도자료 저장
2025-10-17 08:42:26 [INFO]: 금융감독원: 실제 웹사이트에서 0개 기사 스크래핑
2025-10-17 08:42:26 [INFO]: 금융감독원: 0개 새 보도자료 저장
2025-10-17 08:42:28 [INFO]: 공정거래위원회 보도자료 스크래핑 시작
2025-10-17 08:42:28 [INFO]: 공정거래위원회 보도자료 스크래핑 시작
2025-10-17 08:42:28 [INFO]: 공정거래위원회 보도자료 스크래핑 시작
2025-10-17 08:42:28 [INFO]: 공정거래위원회 보도자료 스크래핑 시작
2025-10-17 08:42:28 [WARN]: 공정거래위원회 실제 스크래핑 실패, 데모 데이터 사용: 웹사이트 접근 오류: Request failed with status code 404
2025-10-17 08:42:28 [INFO]: 공정거래위원회: 0개 새 보도자료 저장
2025-10-17 08:42:29 [WARN]: 공정거래위원회 실제 스크래핑 실패, 데모 데이터 사용: 웹사이트 접근 오류: Request failed with status code 404
2025-10-17 08:42:29 [INFO]: 공정거래위원회: 0개 새 보도자료 저장
2025-10-17 08:42:29 [WARN]: 공정거래위원회 실제 스크래핑 실패, 데모 데이터 사용: 웹사이트 접근 오류: Request failed with status code 404
2025-10-17 08:42:29 [INFO]: 공정거래위원회: 0개 새 보도자료 저장
2025-10-17 08:42:29 [WARN]: 공정거래위원회 실제 스크래핑 실패, 데모 데이터 사용: 웹사이트 접근 오류: Request failed with status code 404
2025-10-17 08:42:29 [INFO]: 공정거래위원회: 0개 새 보도자료 저장
2025-10-17 08:42:30 [INFO]: ✅ 스크래핑 완료: 신규 0개, 처리 9개
2025-10-17 08:42:30 [INFO]: ✅ 스크래핑 완료 (10초 소요)
2025-10-17 08:42:30 [INFO]: 📊 결과: 신규 0개, 총 처리 9개
2025-10-17 08:42:30 [INFO]: 📈 현재 DB 상태: 총 49개 보도자료 저장됨
2025-10-17 08:42:32 [INFO]: 데이터베이스 연결됨: /home/user/webapp/backend/data/government_news.db
2025-10-17 08:42:32 [INFO]: 데이터베이스 연결됨: /home/user/webapp/backend/data/government_news.db
2025-10-17 08:42:32 [INFO]: 데이터베이스 연결됨: /home/user/webapp/backend/data/government_news.db
2025-10-17 08:42:32 [INFO]: 뉴스 테이블 생성/확인 완료
2025-10-17 08:42:32 [INFO]: 뉴스 테이블 생성/확인 완료
2025-10-17 08:42:32 [INFO]: 뉴스 테이블 생성/확인 완료
2025-10-17 08:42:32 [INFO]: 통계 테이블 생성/확인 완료
2025-10-17 08:42:32 [INFO]: 통계 테이블 생성/확인 완료
2025-10-17 08:42:32 [INFO]: 데이터베이스 연결됨: /home/user/webapp/backend/data/government_news.db
2025-10-17 08:42:32 [INFO]: 통계 테이블 생성/확인 완료
2025-10-17 08:42:32 [INFO]: 뉴스 테이블 생성/확인 완료
2025-10-17 08:42:32 [INFO]: 데이터베이스 연결됨: /home/user/webapp/backend/data/government_news.db
2025-10-17 08:42:32 [INFO]: 통계 테이블 생성/확인 완료
2025-10-17 08:42:32 [INFO]: 뉴스 테이블 생성/확인 완료
2025-10-17 08:42:32 [INFO]: 통계 테이블 생성/확인 완료
2025-10-17 08:42:32 [INFO]: 데이터베이스 연결됨: /home/user/webapp/backend/data/government_news.db
2025-10-17 08:42:32 [INFO]: 뉴스 테이블 생성/확인 완료
2025-10-17 08:42:32 [INFO]: 통계 테이블 생성/확인 완료
2025-10-17 08:42:32 [INFO]: 데이터베이스 연결됨: /home/user/webapp/backend/data/government_news.db
2025-10-17 08:42:32 [INFO]: 데이터베이스 연결됨: /home/user/webapp/backend/data/government_news.db
2025-10-17 08:42:33 [INFO]: 뉴스 테이블 생성/확인 완료
2025-10-17 08:42:33 [INFO]: 뉴스 테이블 생성/확인 완료
2025-10-17 08:42:33 [INFO]: 통계 테이블 생성/확인 완료
2025-10-17 08:42:33 [INFO]: 통계 테이블 생성/확인 완료
2025-10-17 08:42:32 [INFO]: 데이터베이스 초기화 완료
2025-10-17 08:42:32 [INFO]: ⏰ 자동 스크래핑 스케줄러 설정 중...
2025-10-17 08:42:33 [INFO]: ✅ 스케줄러 설정 완료:
2025-10-17 08:42:33 [INFO]:   - 오전 9시: 0 9 * * 1-5 (한국시간)
2025-10-17 08:42:33 [INFO]:   - 오후 1시: 0 13 * * 1-5 (한국시간)
2025-10-17 08:42:33 [INFO]:   - 오후 5시: 0 17 * * 1-5 (한국시간)
2025-10-17 08:42:33 [INFO]:   - 주말: 0 14 * * 6 (한국시간)
2025-10-17 08:42:33 [INFO]: ⏰ 자동 스크래핑 스케줄러 시작 완료
2025-10-17 08:42:33 [INFO]: 🚀 서버가 포트 3000에서 실행 중입니다
2025-10-17 08:42:33 [INFO]: 📊 헬스 체크: http://localhost:3000/health
2025-10-17 08:42:33 [INFO]: 🌐 프론트엔드: http://localhost:3000/
2025-10-17 08:42:32 [INFO]: 데이터베이스 초기화 완료
2025-10-17 08:42:32 [INFO]: ⏰ 자동 스크래핑 스케줄러 설정 중...
2025-10-17 08:42:33 [INFO]: ✅ 스케줄러 설정 완료:
2025-10-17 08:42:33 [INFO]:   - 오전 9시: 0 9 * * 1-5 (한국시간)
2025-10-17 08:42:33 [INFO]:   - 오후 1시: 0 13 * * 1-5 (한국시간)
2025-10-17 08:42:33 [INFO]:   - 오후 5시: 0 17 * * 1-5 (한국시간)
2025-10-17 08:42:33 [INFO]:   - 주말: 0 14 * * 6 (한국시간)
2025-10-17 08:42:33 [INFO]: ⏰ 자동 스크래핑 스케줄러 시작 완료
2025-10-17 08:42:33 [INFO]: 🚀 서버가 포트 3002에서 실행 중입니다
2025-10-17 08:42:33 [INFO]: 📊 헬스 체크: http://localhost:3002/health
2025-10-17 08:42:33 [INFO]: 🌐 프론트엔드: http://localhost:3002/
2025-10-17 08:42:33 [INFO]: 데이터베이스 초기화 완료
2025-10-17 08:42:33 [INFO]: ⏰ 자동 스크래핑 스케줄러 설정 중...
2025-10-17 08:42:33 [INFO]: ✅ 스케줄러 설정 완료:
2025-10-17 08:42:33 [INFO]:   - 오전 9시: 0 9 * * 1-5 (한국시간)
2025-10-17 08:42:33 [INFO]:   - 오후 1시: 0 13 * * 1-5 (한국시간)
2025-10-17 08:42:33 [INFO]:   - 오후 5시: 0 17 * * 1-5 (한국시간)
2025-10-17 08:42:33 [INFO]:   - 주말: 0 14 * * 6 (한국시간)
2025-10-17 08:42:33 [INFO]: ⏰ 자동 스크래핑 스케줄러 시작 완료
2025-10-17 08:42:33 [INFO]: 🚀 서버가 포트 5000에서 실행 중입니다
2025-10-17 08:42:33 [INFO]: 📊 헬스 체크: http://localhost:5000/health
2025-10-17 08:42:33 [INFO]: 🌐 프론트엔드: http://localhost:5000/
2025-10-17 08:42:32 [INFO]: 데이터베이스 초기화 완료
2025-10-17 08:42:32 [INFO]: ⏰ 자동 스크래핑 스케줄러 설정 중...
2025-10-17 08:42:33 [INFO]: ✅ 스케줄러 설정 완료:
2025-10-17 08:42:33 [INFO]:   - 오전 9시: 0 9 * * 1-5 (한국시간)
2025-10-17 08:42:33 [INFO]:   - 오후 1시: 0 13 * * 1-5 (한국시간)
2025-10-17 08:42:33 [INFO]:   - 오후 5시: 0 17 * * 1-5 (한국시간)
2025-10-17 08:42:33 [INFO]:   - 주말: 0 14 * * 6 (한국시간)
2025-10-17 08:42:33 [INFO]: ⏰ 자동 스크래핑 스케줄러 시작 완료
2025-10-17 08:42:33 [INFO]: 🚀 서버가 포트 3001에서 실행 중입니다
2025-10-17 08:42:33 [INFO]: 📊 헬스 체크: http://localhost:3001/health
2025-10-17 08:42:33 [INFO]: 🌐 프론트엔드: http://localhost:3001/
2025-10-17 08:42:38 [INFO]: 🔄 서버 시작 후 초기 스크래핑 실행
2025-10-17 08:42:38 [INFO]: 🔄 서버 시작 후 초기 스크래핑 실행
2025-10-17 08:42:38 [INFO]: 🔄 서버 시작 후 초기 스크래핑 실행
2025-10-17 08:42:38 [INFO]: 🔄 서버 시작 후 초기 스크래핑 실행
2025-10-17 08:42:38 [INFO]: 🚀 정기 스크래핑 시작 (서버 시작)
2025-10-17 08:42:38 [INFO]: 🔄 전체 기관 스크래핑 시작
2025-10-17 08:42:38 [INFO]: 금융위원회 보도자료 스크래핑 시작
2025-10-17 08:42:38 [INFO]: 🚀 정기 스크래핑 시작 (서버 시작)
2025-10-17 08:42:38 [INFO]: 🔄 전체 기관 스크래핑 시작
2025-10-17 08:42:38 [INFO]: 금융위원회 보도자료 스크래핑 시작
2025-10-17 08:42:38 [INFO]: 🚀 정기 스크래핑 시작 (서버 시작)
2025-10-17 08:42:38 [INFO]: 🔄 전체 기관 스크래핑 시작
2025-10-17 08:42:38 [INFO]: 금융위원회 보도자료 스크래핑 시작
2025-10-17 08:42:38 [INFO]: 🚀 정기 스크래핑 시작 (서버 시작)
2025-10-17 08:42:38 [INFO]: 🔄 전체 기관 스크래핑 시작
2025-10-17 08:42:38 [INFO]: 금융위원회 보도자료 스크래핑 시작
2025-10-17 08:42:39 [WARN]: 금융위원회 실제 스크래핑 실패, 데모 데이터 사용: 웹사이트 접근 오류: Request failed with status code 404
2025-10-17 08:42:39 [INFO]: 금융위원회: 0개 새 보도자료 저장
2025-10-17 08:42:39 [WARN]: 금융위원회 실제 스크래핑 실패, 데모 데이터 사용: 웹사이트 접근 오류: Request failed with status code 404
2025-10-17 08:42:39 [INFO]: 금융위원회: 0개 새 보도자료 저장
2025-10-17 08:42:39 [WARN]: 금융위원회 실제 스크래핑 실패, 데모 데이터 사용: 웹사이트 접근 오류: Request failed with status code 404
2025-10-17 08:42:39 [INFO]: 금융위원회: 0개 새 보도자료 저장
2025-10-17 08:42:39 [WARN]: 금융위원회 실제 스크래핑 실패, 데모 데이터 사용: 웹사이트 접근 오류: Request failed with status code 404
2025-10-17 08:42:39 [INFO]: 금융위원회: 0개 새 보도자료 저장
2025-10-17 08:42:41 [INFO]: 금융감독원 보도자료 스크래핑 시작
2025-10-17 08:42:41 [INFO]: 금융감독원 보도자료 스크래핑 시작
2025-10-17 08:42:41 [INFO]: 금융감독원 보도자료 스크래핑 시작
2025-10-17 08:42:41 [INFO]: 금융감독원 보도자료 스크래핑 시작
2025-10-17 08:42:43 [INFO]: 금융감독원: 실제 웹사이트에서 0개 기사 스크래핑
2025-10-17 08:42:43 [INFO]: 금융감독원: 0개 새 보도자료 저장
2025-10-17 08:42:43 [INFO]: 금융감독원: 실제 웹사이트에서 0개 기사 스크래핑
2025-10-17 08:42:43 [INFO]: 금융감독원: 0개 새 보도자료 저장
2025-10-17 08:42:43 [INFO]: 금융감독원: 실제 웹사이트에서 0개 기사 스크래핑
2025-10-17 08:42:43 [INFO]: 금융감독원: 0개 새 보도자료 저장
2025-10-17 08:42:43 [INFO]: 금융감독원: 실제 웹사이트에서 0개 기사 스크래핑
2025-10-17 08:42:43 [INFO]: 금융감독원: 0개 새 보도자료 저장
2025-10-17 08:42:45 [INFO]: 공정거래위원회 보도자료 스크래핑 시작
2025-10-17 08:42:45 [INFO]: 공정거래위원회 보도자료 스크래핑 시작
2025-10-17 08:42:45 [INFO]: 공정거래위원회 보도자료 스크래핑 시작
2025-10-17 08:42:45 [INFO]: 공정거래위원회 보도자료 스크래핑 시작
2025-10-17 08:42:45 [WARN]: 공정거래위원회 실제 스크래핑 실패, 데모 데이터 사용: 웹사이트 접근 오류: Request failed with status code 404
2025-10-17 08:42:45 [INFO]: 공정거래위원회: 0개 새 보도자료 저장
2025-10-17 08:42:46 [WARN]: 공정거래위원회 실제 스크래핑 실패, 데모 데이터 사용: 웹사이트 접근 오류: Request failed with status code 404
2025-10-17 08:42:46 [INFO]: 공정거래위원회: 0개 새 보도자료 저장
2025-10-17 08:42:46 [WARN]: 공정거래위원회 실제 스크래핑 실패, 데모 데이터 사용: 웹사이트 접근 오류: Request failed with status code 404
2025-10-17 08:42:46 [INFO]: 공정거래위원회: 0개 새 보도자료 저장
2025-10-17 08:42:46 [WARN]: 공정거래위원회 실제 스크래핑 실패, 데모 데이터 사용: 웹사이트 접근 오류: Request failed with status code 404
2025-10-17 08:42:46 [INFO]: 공정거래위원회: 0개 새 보도자료 저장
2025-10-17 08:42:47 [INFO]: ✅ 스크래핑 완료: 신규 0개, 처리 8개
2025-10-17 08:42:47 [INFO]: ✅ 스크래핑 완료 (10초 소요)
2025-10-17 08:42:47 [INFO]: 📊 결과: 신규 0개, 총 처리 8개
2025-10-17 08:42:47 [INFO]: 📈 현재 DB 상태: 총 49개 보도자료 저장됨
2025-10-17 08:42:48 [INFO]: ✅ 스크래핑 완료: 신규 0개, 처리 7개
2025-10-17 08:42:48 [INFO]: ✅ 스크래핑 완료 (10초 소요)
2025-10-17 08:42:48 [INFO]: 📊 결과: 신규 0개, 총 처리 7개
2025-10-17 08:42:48 [INFO]: 📈 현재 DB 상태: 총 49개 보도자료 저장됨
2025-10-17 08:42:48 [INFO]: ✅ 스크래핑 완료: 신규 0개, 처리 7개
2025-10-17 08:42:48 [INFO]: ✅ 스크래핑 완료 (10초 소요)
2025-10-17 08:42:48 [INFO]: 📊 결과: 신규 0개, 총 처리 7개
2025-10-17 08:42:48 [INFO]: 📈 현재 DB 상태: 총 49개 보도자료 저장됨
2025-10-17 08:42:48 [INFO]: ✅ 스크래핑 완료: 신규 0개, 처리 7개
2025-10-17 08:42:48 [INFO]: ✅ 스크래핑 완료 (10초 소요)
2025-10-17 08:42:48 [INFO]: 📊 결과: 신규 0개, 총 처리 7개
2025-10-17 08:42:48 [INFO]: 📈 현재 DB 상태: 총 49개 보도자료 저장됨
2025-10-17 08:42:56 [INFO]: 데이터베이스 연결됨: /home/user/webapp/backend/data/government_news.db
2025-10-17 08:42:56 [INFO]: 뉴스 테이블 생성/확인 완료
2025-10-17 08:42:56 [INFO]: 통계 테이블 생성/확인 완료
2025-10-17 08:43:29 [INFO]: 데이터베이스 연결됨: /home/user/webapp/backend/data/government_news.db
2025-10-17 08:43:29 [INFO]: 뉴스 테이블 생성/확인 완료
2025-10-17 08:43:29 [INFO]: 통계 테이블 생성/확인 완료
2025-10-17 08:43:29 [INFO]: 데이터베이스 초기화 완료
2025-10-17 08:43:29 [INFO]: ⏰ 자동 스크래핑 스케줄러 설정 중...
2025-10-17 08:43:29 [INFO]: ✅ 스케줄러 설정 완료:
2025-10-17 08:43:29 [INFO]:   - 오전 9시: 0 9 * * 1-5 (한국시간)
2025-10-17 08:43:29 [INFO]:   - 오후 1시: 0 13 * * 1-5 (한국시간)
2025-10-17 08:43:29 [INFO]:   - 오후 5시: 0 17 * * 1-5 (한국시간)
2025-10-17 08:43:29 [INFO]:   - 주말: 0 14 * * 6 (한국시간)
2025-10-17 08:43:29 [INFO]: ⏰ 자동 스크래핑 스케줄러 시작 완료
2025-10-17 08:43:29 [INFO]: 🚀 서버가 포트 5001에서 실행 중입니다
2025-10-17 08:43:29 [INFO]: 📊 헬스 체크: http://localhost:5001/health
2025-10-17 08:43:29 [INFO]: 🌐 프론트엔드: http://localhost:5001/
2025-10-17 08:43:34 [INFO]: 🔄 서버 시작 후 초기 스크래핑 실행
2025-10-17 08:43:34 [INFO]: 🚀 정기 스크래핑 시작 (서버 시작)
2025-10-17 08:43:34 [INFO]: 🔄 전체 기관 스크래핑 시작
2025-10-17 08:43:34 [INFO]: 금융위원회 보도자료 스크래핑 시작
2025-10-17 08:43:35 [WARN]: 금융위원회 실제 스크래핑 실패, 데모 데이터 사용: 웹사이트 접근 오류: Request failed with status code 404
2025-10-17 08:43:35 [INFO]: 금융위원회: 1개 새 보도자료 저장
2025-10-17 08:43:37 [INFO]: 금융감독원 보도자료 스크래핑 시작
2025-10-17 08:43:40 [INFO]: 금융감독원: 실제 웹사이트에서 0개 기사 스크래핑
2025-10-17 08:43:40 [INFO]: 금융감독원: 0개 새 보도자료 저장
2025-10-17 08:43:42 [INFO]: 공정거래위원회 보도자료 스크래핑 시작
2025-10-17 08:43:42 [WARN]: 공정거래위원회 실제 스크래핑 실패, 데모 데이터 사용: 웹사이트 접근 오류: Request failed with status code 404
2025-10-17 08:43:42 [INFO]: 공정거래위원회: 0개 새 보도자료 저장
2025-10-17 08:43:44 [INFO]: ✅ 스크래핑 완료: 신규 1개, 처리 9개
2025-10-17 08:43:44 [INFO]: ✅ 스크래핑 완료 (10초 소요)
2025-10-17 08:43:44 [INFO]: 📊 결과: 신규 1개, 총 처리 9개
2025-10-17 08:43:44 [INFO]: 📈 현재 DB 상태: 총 50개 보도자료 저장됨
